a:\unrealcourse\sectıon_2\sectıon_2\bullsandcows\x64\debug\vc141.pdb
a:\unrealcourse\sectıon_2\sectıon_2\bullsandcows\x64\debug\vc141.ıdb
a:\unrealcourse\sectıon_2\sectıon_2\bullsandcows\x64\debug\fbullcowgame.obj
a:\unrealcourse\sectıon_2\sectıon_2\bullsandcows\x64\debug\maın.obj
a:\unrealcourse\sectıon_2\sectıon_2\x64\debug\bullsandcows.ılk
a:\unrealcourse\sectıon_2\sectıon_2\x64\debug\bullsandcows.exe
a:\unrealcourse\sectıon_2\sectıon_2\x64\debug\bullsandcows.pdb
a:\unrealcourse\section_2\section_2\bullsandcows\x64\debug\fbullcowgame.obj
a:\unrealcourse\section_2\section_2\bullsandcows\x64\debug\main.obj
a:\unrealcourse\section_2\section_2\bullsandcows\x64\debug\vc141.idb
a:\unrealcourse\section_2\section_2\bullsandcows\x64\debug\vc141.pdb
a:\unrealcourse\section_2\section_2\x64\debug\bullsandcows.pdb
a:\unrealcourse\section_2\section_2\x64\debug\bullsandcows.exe
a:\unrealcourse\section_2\section_2\x64\debug\bullsandcows.ilk
a:\unrealcourse\section_2\section_2\bullsandcows\x64\debug\bullsandcows.tlog\cl.command.1.tlog
a:\unrealcourse\section_2\section_2\bullsandcows\x64\debug\bullsandcows.tlog\cl.read.1.tlog
a:\unrealcourse\section_2\section_2\bullsandcows\x64\debug\bullsandcows.tlog\cl.write.1.tlog
a:\unrealcourse\section_2\section_2\bullsandcows\x64\debug\bullsandcows.tlog\link.command.1.tlog
a:\unrealcourse\section_2\section_2\bullsandcows\x64\debug\bullsandcows.tlog\link.read.1.tlog
a:\unrealcourse\section_2\section_2\bullsandcows\x64\debug\bullsandcows.tlog\link.write.1.tlog
